2022-10-12T14:44:09.782+0700 [main] INFO  com.icheck.backend.BackendApplication - [] - Starting BackendApplication on DESKTOP-8I9PRAS with PID 2220 (E:\Documents\JAVA\SPRING_BOOT\Manage-enterprise-stamp\target\classes started by Ling in E:\Documents\JAVA\SPRING_BOOT\Manage-enterprise-stamp)
2022-10-12T14:44:09.788+0700 [main] INFO  com.icheck.backend.BackendApplication - [] - No active profile set, falling back to default profiles: default
2022-10-12T14:44:10.405+0700 [main] INFO  org.springframework.data.repository.config.RepositoryConfigurationDelegate - [] - Bootstrapping Spring Data JPA repositories in DEFAULT mode.
2022-10-12T14:44:10.484+0700 [main] INFO  org.springframework.data.repository.config.RepositoryConfigurationDelegate - [] - Finished Spring Data repository scanning in 64ms. Found 4 JPA repository interfaces.
2022-10-12T14:44:10.774+0700 [main] INFO  org.springframework.context.support.PostProcessorRegistrationDelegate$BeanPostProcessorChecker - [] - Bean 'org.springframework.transaction.annotation.ProxyTransactionManagementConfiguration' of type [org.springframework.transaction.annotation.ProxyTransactionManagementConfiguration] is not eligible for getting processed by all BeanPostProcessors (for example: not eligible for auto-proxying)
2022-10-12T14:44:10.990+0700 [main] INFO  org.springframework.boot.web.embedded.tomcat.TomcatWebServer - [] - Tomcat initialized with port(s): 8081 (http)
2022-10-12T14:44:11.000+0700 [main] INFO  org.apache.coyote.http11.Http11NioProtocol - [] - Initializing ProtocolHandler ["http-nio-8081"]
2022-10-12T14:44:11.001+0700 [main] INFO  org.apache.catalina.core.StandardService - [] - Starting service [Tomcat]
2022-10-12T14:44:11.002+0700 [main] INFO  org.apache.catalina.core.StandardEngine - [] - Starting Servlet engine: [Apache Tomcat/9.0.30]
2022-10-12T14:44:11.123+0700 [main] INFO  org.apache.catalina.core.ContainerBase.[Tomcat].[localhost].[/] - [] - Initializing Spring embedded WebApplicationContext
2022-10-12T14:44:11.124+0700 [main] INFO  org.springframework.web.context.ContextLoader - [] - Root WebApplicationContext: initialization completed in 1299 ms
2022-10-12T14:44:11.201+0700 [main] WARN  org.springframework.boot.autoconfigure.orm.jpa.JpaBaseConfiguration$JpaWebConfiguration - [] - spring.jpa.open-in-view is enabled by default. Therefore, database queries may be performed during view rendering. Explicitly configure spring.jpa.open-in-view to disable this warning
2022-10-12T14:44:11.408+0700 [main] INFO  org.hibernate.Version - [] - HHH000412: Hibernate Core {5.4.10.Final}
2022-10-12T14:44:11.596+0700 [main] INFO  org.hibernate.annotations.common.Version - [] - HCANN000001: Hibernate Commons Annotations {5.1.0.Final}
2022-10-12T14:44:11.738+0700 [main] INFO  com.zaxxer.hikari.HikariDataSource - [] - HikariPool-1 - Starting...
2022-10-12T14:44:12.938+0700 [main] INFO  com.zaxxer.hikari.HikariDataSource - [] - HikariPool-1 - Start completed.
2022-10-12T14:44:12.990+0700 [main] INFO  org.hibernate.dialect.Dialect - [] - HHH000400: Using dialect: org.hibernate.dialect.PostgreSQLDialect
2022-10-12T14:44:26.938+0700 [main] INFO  org.hibernate.engine.transaction.jta.platform.internal.JtaPlatformInitiator - [] - HHH000490: Using JtaPlatform implementation: [org.hibernate.engine.transaction.jta.platform.internal.NoJtaPlatform]
2022-10-12T14:44:26.945+0700 [main] INFO  org.springframework.orm.jpa.LocalContainerEntityManagerFactoryBean - [] - Initialized JPA EntityManagerFactory for persistence unit 'default'
2022-10-12T14:44:27.877+0700 [main] INFO  org.springframework.security.web.DefaultSecurityFilterChain - [] - Creating filter chain: Ant [pattern='/public/**'], []
2022-10-12T14:44:27.877+0700 [main] INFO  org.springframework.security.web.DefaultSecurityFilterChain - [] - Creating filter chain: Ant [pattern='/*/v3/api-docs/**'], []
2022-10-12T14:44:27.877+0700 [main] INFO  org.springframework.security.web.DefaultSecurityFilterChain - [] - Creating filter chain: Ant [pattern='/*/swagger-ui.html'], []
2022-10-12T14:44:27.877+0700 [main] INFO  org.springframework.security.web.DefaultSecurityFilterChain - [] - Creating filter chain: Ant [pattern='/*/swagger-ui/**'], []
2022-10-12T14:44:27.878+0700 [main] INFO  org.springframework.security.web.DefaultSecurityFilterChain - [] - Creating filter chain: Ant [pattern='/**/api-docs/**'], []
2022-10-12T14:44:27.910+0700 [main] INFO  org.springframework.security.web.DefaultSecurityFilterChain - [] - Creating filter chain: any request, [org.springframework.security.web.context.request.async.WebAsyncManagerIntegrationFilter@27f31d91, org.springframework.security.web.context.SecurityContextPersistenceFilter@4a7c72af, org.springframework.web.filter.CorsFilter@6b03c35c, org.springframework.security.web.authentication.logout.LogoutFilter@7d7c05fa, com.icheck.backend.filters.JwtRequestFilter@1a05ff8e, org.springframework.security.web.servletapi.SecurityContextHolderAwareRequestFilter@4add4dff, org.springframework.security.web.authentication.AnonymousAuthenticationFilter@251e2f4a, org.springframework.security.web.session.SessionManagementFilter@7f9d40b3, org.springframework.security.web.access.ExceptionTranslationFilter@71135794, org.springframework.security.web.access.intercept.FilterSecurityInterceptor@4b1b2255]
2022-10-12T14:44:28.016+0700 [main] INFO  org.springframework.scheduling.concurrent.ThreadPoolTaskExecutor - [] - Initializing ExecutorService 'applicationTaskExecutor'
2022-10-12T14:44:28.222+0700 [main] INFO  org.apache.coyote.http11.Http11NioProtocol - [] - Starting ProtocolHandler ["http-nio-8081"]
2022-10-12T14:44:28.278+0700 [main] INFO  org.springframework.boot.web.embedded.tomcat.TomcatWebServer - [] - Tomcat started on port(s): 8081 (http) with context path ''
2022-10-12T14:44:28.279+0700 [main] INFO  com.icheck.backend.BackendApplication - [] - Started BackendApplication in 18.889 seconds (JVM running for 20.104)
2022-10-12T14:44:38.128+0700 [http-nio-8081-exec-3] INFO  org.apache.catalina.core.ContainerBase.[Tomcat].[localhost].[/] - [] - Initializing Spring DispatcherServlet 'dispatcherServlet'
2022-10-12T14:44:38.128+0700 [http-nio-8081-exec-3] INFO  org.springframework.web.servlet.DispatcherServlet - [] - Initializing Servlet 'dispatcherServlet'
2022-10-12T14:44:38.135+0700 [http-nio-8081-exec-3] INFO  org.springframework.web.servlet.DispatcherServlet - [] - Completed initialization in 7 ms
2022-10-12T14:51:30.607+0700 [SpringContextShutdownHook] INFO  org.springframework.scheduling.concurrent.ThreadPoolTaskExecutor - [] - Shutting down ExecutorService 'applicationTaskExecutor'
2022-10-12T14:51:30.609+0700 [SpringContextShutdownHook] INFO  org.springframework.orm.jpa.LocalContainerEntityManagerFactoryBean - [] - Closing JPA EntityManagerFactory for persistence unit 'default'
2022-10-12T14:51:30.614+0700 [SpringContextShutdownHook] INFO  com.zaxxer.hikari.HikariDataSource - [] - HikariPool-1 - Shutdown initiated...
2022-10-12T14:51:30.618+0700 [SpringContextShutdownHook] INFO  com.zaxxer.hikari.HikariDataSource - [] - HikariPool-1 - Shutdown completed.
2022-10-12T15:00:33.232+0700 [main] INFO  com.icheck.backend.BackendApplication - [] - Starting BackendApplication on DESKTOP-8I9PRAS with PID 2472 (E:\Documents\JAVA\SPRING_BOOT\Manage-enterprise-stamp\target\classes started by Ling in E:\Documents\JAVA\SPRING_BOOT\Manage-enterprise-stamp)
2022-10-12T15:00:33.240+0700 [main] INFO  com.icheck.backend.BackendApplication - [] - No active profile set, falling back to default profiles: default
2022-10-12T15:00:33.890+0700 [main] INFO  org.springframework.data.repository.config.RepositoryConfigurationDelegate - [] - Bootstrapping Spring Data JPA repositories in DEFAULT mode.
2022-10-12T15:00:33.976+0700 [main] INFO  org.springframework.data.repository.config.RepositoryConfigurationDelegate - [] - Finished Spring Data repository scanning in 71ms. Found 4 JPA repository interfaces.
2022-10-12T15:00:34.269+0700 [main] INFO  org.springframework.context.support.PostProcessorRegistrationDelegate$BeanPostProcessorChecker - [] - Bean 'org.springframework.transaction.annotation.ProxyTransactionManagementConfiguration' of type [org.springframework.transaction.annotation.ProxyTransactionManagementConfiguration] is not eligible for getting processed by all BeanPostProcessors (for example: not eligible for auto-proxying)
2022-10-12T15:00:34.461+0700 [main] INFO  org.springframework.boot.web.embedded.tomcat.TomcatWebServer - [] - Tomcat initialized with port(s): 8081 (http)
2022-10-12T15:00:34.473+0700 [main] INFO  org.apache.coyote.http11.Http11NioProtocol - [] - Initializing ProtocolHandler ["http-nio-8081"]
2022-10-12T15:00:34.474+0700 [main] INFO  org.apache.catalina.core.StandardService - [] - Starting service [Tomcat]
2022-10-12T15:00:34.474+0700 [main] INFO  org.apache.catalina.core.StandardEngine - [] - Starting Servlet engine: [Apache Tomcat/9.0.30]
2022-10-12T15:00:34.586+0700 [main] INFO  org.apache.catalina.core.ContainerBase.[Tomcat].[localhost].[/] - [] - Initializing Spring embedded WebApplicationContext
2022-10-12T15:00:34.587+0700 [main] INFO  org.springframework.web.context.ContextLoader - [] - Root WebApplicationContext: initialization completed in 1316 ms
2022-10-12T15:00:34.656+0700 [main] WARN  org.springframework.boot.autoconfigure.orm.jpa.JpaBaseConfiguration$JpaWebConfiguration - [] - spring.jpa.open-in-view is enabled by default. Therefore, database queries may be performed during view rendering. Explicitly configure spring.jpa.open-in-view to disable this warning
2022-10-12T15:00:34.851+0700 [main] INFO  org.hibernate.Version - [] - HHH000412: Hibernate Core {5.4.10.Final}
2022-10-12T15:00:34.987+0700 [main] INFO  org.hibernate.annotations.common.Version - [] - HCANN000001: Hibernate Commons Annotations {5.1.0.Final}
2022-10-12T15:00:35.111+0700 [main] INFO  com.zaxxer.hikari.HikariDataSource - [] - HikariPool-1 - Starting...
2022-10-12T15:00:35.309+0700 [main] INFO  com.zaxxer.hikari.HikariDataSource - [] - HikariPool-1 - Start completed.
2022-10-12T15:00:35.335+0700 [main] INFO  org.hibernate.dialect.Dialect - [] - HHH000400: Using dialect: org.hibernate.dialect.PostgreSQLDialect
2022-10-12T15:00:38.571+0700 [main] INFO  org.hibernate.engine.transaction.jta.platform.internal.JtaPlatformInitiator - [] - HHH000490: Using JtaPlatform implementation: [org.hibernate.engine.transaction.jta.platform.internal.NoJtaPlatform]
2022-10-12T15:00:38.577+0700 [main] INFO  org.springframework.orm.jpa.LocalContainerEntityManagerFactoryBean - [] - Initialized JPA EntityManagerFactory for persistence unit 'default'
2022-10-12T15:00:39.104+0700 [main] INFO  org.springframework.security.web.DefaultSecurityFilterChain - [] - Creating filter chain: Ant [pattern='/public/**'], []
2022-10-12T15:00:39.104+0700 [main] INFO  org.springframework.security.web.DefaultSecurityFilterChain - [] - Creating filter chain: Ant [pattern='/*/v3/api-docs/**'], []
2022-10-12T15:00:39.104+0700 [main] INFO  org.springframework.security.web.DefaultSecurityFilterChain - [] - Creating filter chain: Ant [pattern='/*/swagger-ui.html'], []
2022-10-12T15:00:39.104+0700 [main] INFO  org.springframework.security.web.DefaultSecurityFilterChain - [] - Creating filter chain: Ant [pattern='/*/swagger-ui/**'], []
2022-10-12T15:00:39.104+0700 [main] INFO  org.springframework.security.web.DefaultSecurityFilterChain - [] - Creating filter chain: Ant [pattern='/**/api-docs/**'], []
2022-10-12T15:00:39.130+0700 [main] INFO  org.springframework.security.web.DefaultSecurityFilterChain - [] - Creating filter chain: any request, [org.springframework.security.web.context.request.async.WebAsyncManagerIntegrationFilter@5a45c218, org.springframework.security.web.context.SecurityContextPersistenceFilter@33214124, org.springframework.web.filter.CorsFilter@2c6efee3, org.springframework.security.web.authentication.logout.LogoutFilter@ca2a03f, com.icheck.backend.filters.JwtRequestFilter@57ac236a, org.springframework.security.web.servletapi.SecurityContextHolderAwareRequestFilter@517d9cd5, org.springframework.security.web.authentication.AnonymousAuthenticationFilter@4542af89, org.springframework.security.web.session.SessionManagementFilter@19b3d3a4, org.springframework.security.web.access.ExceptionTranslationFilter@394b9e22, org.springframework.security.web.access.intercept.FilterSecurityInterceptor@533e8807]
2022-10-12T15:00:39.230+0700 [main] INFO  org.springframework.scheduling.concurrent.ThreadPoolTaskExecutor - [] - Initializing ExecutorService 'applicationTaskExecutor'
2022-10-12T15:00:39.415+0700 [main] INFO  org.apache.coyote.http11.Http11NioProtocol - [] - Starting ProtocolHandler ["http-nio-8081"]
2022-10-12T15:00:39.449+0700 [main] INFO  org.springframework.boot.web.embedded.tomcat.TomcatWebServer - [] - Tomcat started on port(s): 8081 (http) with context path ''
2022-10-12T15:00:39.450+0700 [main] INFO  com.icheck.backend.BackendApplication - [] - Started BackendApplication in 6.567 seconds (JVM running for 7.624)
2022-10-12T15:00:53.717+0700 [http-nio-8081-exec-1] INFO  org.apache.catalina.core.ContainerBase.[Tomcat].[localhost].[/] - [] - Initializing Spring DispatcherServlet 'dispatcherServlet'
2022-10-12T15:00:53.717+0700 [http-nio-8081-exec-1] INFO  org.springframework.web.servlet.DispatcherServlet - [] - Initializing Servlet 'dispatcherServlet'
2022-10-12T15:00:53.723+0700 [http-nio-8081-exec-1] INFO  org.springframework.web.servlet.DispatcherServlet - [] - Completed initialization in 6 ms
2022-10-12T15:01:08.052+0700 [http-nio-8081-exec-3] ERROR org.apache.catalina.core.ContainerBase.[Tomcat].[localhost].[/].[dispatcherServlet] - [] - Servlet.service() for servlet [dispatcherServlet] in context with path [] threw exception
java.lang.NullPointerException: Cannot invoke "com.icheck.backend.DAO.MyUserDetailService.loadUserByUsername(String)" because "this.userDetailService" is null
	at com.icheck.backend.filters.JwtRequestFilter.doFilterInternal(JwtRequestFilter.java:54) ~[classes/:?]
	at org.springframework.web.filter.OncePerRequestFilter.doFilter(OncePerRequestFilter.java:119) ~[spring-web-5.2.3.RELEASE.jar:5.2.3.RELEASE]
	at org.springframework.security.web.FilterChainProxy$VirtualFilterChain.doFilter(FilterChainProxy.java:334) ~[spring-security-web-5.2.1.RELEASE.jar:5.2.1.RELEASE]
	at org.springframework.security.web.authentication.logout.LogoutFilter.doFilter(LogoutFilter.java:116) ~[spring-security-web-5.2.1.RELEASE.jar:5.2.1.RELEASE]
	at org.springframework.security.web.FilterChainProxy$VirtualFilterChain.doFilter(FilterChainProxy.java:334) ~[spring-security-web-5.2.1.RELEASE.jar:5.2.1.RELEASE]
	at org.springframework.web.filter.CorsFilter.doFilterInternal(CorsFilter.java:92) ~[spring-web-5.2.3.RELEASE.jar:5.2.3.RELEASE]
	at org.springframework.web.filter.OncePerRequestFilter.doFilter(OncePerRequestFilter.java:119) ~[spring-web-5.2.3.RELEASE.jar:5.2.3.RELEASE]
	at org.springframework.security.web.FilterChainProxy$VirtualFilterChain.doFilter(FilterChainProxy.java:334) ~[spring-security-web-5.2.1.RELEASE.jar:5.2.1.RELEASE]
	at org.springframework.security.web.context.SecurityContextPersistenceFilter.doFilter(SecurityContextPersistenceFilter.java:105) ~[spring-security-web-5.2.1.RELEASE.jar:5.2.1.RELEASE]
	at org.springframework.security.web.FilterChainProxy$VirtualFilterChain.doFilter(FilterChainProxy.java:334) ~[spring-security-web-5.2.1.RELEASE.jar:5.2.1.RELEASE]
	at org.springframework.security.web.context.request.async.WebAsyncManagerIntegrationFilter.doFilterInternal(WebAsyncManagerIntegrationFilter.java:56) ~[spring-security-web-5.2.1.RELEASE.jar:5.2.1.RELEASE]
	at org.springframework.web.filter.OncePerRequestFilter.doFilter(OncePerRequestFilter.java:119) ~[spring-web-5.2.3.RELEASE.jar:5.2.3.RELEASE]
	at org.springframework.security.web.FilterChainProxy$VirtualFilterChain.doFilter(FilterChainProxy.java:334) ~[spring-security-web-5.2.1.RELEASE.jar:5.2.1.RELEASE]
	at org.springframework.security.web.FilterChainProxy.doFilterInternal(FilterChainProxy.java:215) ~[spring-security-web-5.2.1.RELEASE.jar:5.2.1.RELEASE]
	at org.springframework.security.web.FilterChainProxy.doFilter(FilterChainProxy.java:178) ~[spring-security-web-5.2.1.RELEASE.jar:5.2.1.RELEASE]
	at org.springframework.web.filter.DelegatingFilterProxy.invokeDelegate(DelegatingFilterProxy.java:358) ~[spring-web-5.2.3.RELEASE.jar:5.2.3.RELEASE]
	at org.springframework.web.filter.DelegatingFilterProxy.doFilter(DelegatingFilterProxy.java:271) ~[spring-web-5.2.3.RELEASE.jar:5.2.3.RELEASE]
	at org.apache.catalina.core.ApplicationFilterChain.internalDoFilter(ApplicationFilterChain.java:193) ~[tomcat-embed-core-9.0.30.jar:9.0.30]
	at org.apache.catalina.core.ApplicationFilterChain.doFilter(ApplicationFilterChain.java:166) ~[tomcat-embed-core-9.0.30.jar:9.0.30]
	at org.springframework.web.filter.RequestContextFilter.doFilterInternal(RequestContextFilter.java:100) ~[spring-web-5.2.3.RELEASE.jar:5.2.3.RELEASE]
	at org.springframework.web.filter.OncePerRequestFilter.doFilter(OncePerRequestFilter.java:119) ~[spring-web-5.2.3.RELEASE.jar:5.2.3.RELEASE]
	at org.apache.catalina.core.ApplicationFilterChain.internalDoFilter(ApplicationFilterChain.java:193) ~[tomcat-embed-core-9.0.30.jar:9.0.30]
	at org.apache.catalina.core.ApplicationFilterChain.doFilter(ApplicationFilterChain.java:166) ~[tomcat-embed-core-9.0.30.jar:9.0.30]
	at org.springframework.web.filter.FormContentFilter.doFilterInternal(FormContentFilter.java:93) ~[spring-web-5.2.3.RELEASE.jar:5.2.3.RELEASE]
	at org.springframework.web.filter.OncePerRequestFilter.doFilter(OncePerRequestFilter.java:119) ~[spring-web-5.2.3.RELEASE.jar:5.2.3.RELEASE]
	at org.apache.catalina.core.ApplicationFilterChain.internalDoFilter(ApplicationFilterChain.java:193) ~[tomcat-embed-core-9.0.30.jar:9.0.30]
	at org.apache.catalina.core.ApplicationFilterChain.doFilter(ApplicationFilterChain.java:166) ~[tomcat-embed-core-9.0.30.jar:9.0.30]
	at org.springframework.web.filter.CharacterEncodingFilter.doFilterInternal(CharacterEncodingFilter.java:201) ~[spring-web-5.2.3.RELEASE.jar:5.2.3.RELEASE]
	at org.springframework.web.filter.OncePerRequestFilter.doFilter(OncePerRequestFilter.java:119) ~[spring-web-5.2.3.RELEASE.jar:5.2.3.RELEASE]
	at org.apache.catalina.core.ApplicationFilterChain.internalDoFilter(ApplicationFilterChain.java:193) ~[tomcat-embed-core-9.0.30.jar:9.0.30]
	at org.apache.catalina.core.ApplicationFilterChain.doFilter(ApplicationFilterChain.java:166) ~[tomcat-embed-core-9.0.30.jar:9.0.30]
	at org.apache.catalina.core.StandardWrapperValve.invoke(StandardWrapperValve.java:202) [tomcat-embed-core-9.0.30.jar:9.0.30]
	at org.apache.catalina.core.StandardContextValve.invoke(StandardContextValve.java:96) [tomcat-embed-core-9.0.30.jar:9.0.30]
	at org.apache.catalina.authenticator.AuthenticatorBase.invoke(AuthenticatorBase.java:541) [tomcat-embed-core-9.0.30.jar:9.0.30]
	at org.apache.catalina.core.StandardHostValve.invoke(StandardHostValve.java:139) [tomcat-embed-core-9.0.30.jar:9.0.30]
	at org.apache.catalina.valves.ErrorReportValve.invoke(ErrorReportValve.java:92) [tomcat-embed-core-9.0.30.jar:9.0.30]
	at org.apache.catalina.core.StandardEngineValve.invoke(StandardEngineValve.java:74) [tomcat-embed-core-9.0.30.jar:9.0.30]
	at org.apache.catalina.connector.CoyoteAdapter.service(CoyoteAdapter.java:343) [tomcat-embed-core-9.0.30.jar:9.0.30]
	at org.apache.coyote.http11.Http11Processor.service(Http11Processor.java:367) [tomcat-embed-core-9.0.30.jar:9.0.30]
	at org.apache.coyote.AbstractProcessorLight.process(AbstractProcessorLight.java:65) [tomcat-embed-core-9.0.30.jar:9.0.30]
	at org.apache.coyote.AbstractProtocol$ConnectionHandler.process(AbstractProtocol.java:860) [tomcat-embed-core-9.0.30.jar:9.0.30]
	at org.apache.tomcat.util.net.NioEndpoint$SocketProcessor.doRun(NioEndpoint.java:1598) [tomcat-embed-core-9.0.30.jar:9.0.30]
	at org.apache.tomcat.util.net.SocketProcessorBase.run(SocketProcessorBase.java:49) [tomcat-embed-core-9.0.30.jar:9.0.30]
	at java.util.concurrent.ThreadPoolExecutor.runWorker(ThreadPoolExecutor.java:1136) [?:?]
	at java.util.concurrent.ThreadPoolExecutor$Worker.run(ThreadPoolExecutor.java:635) [?:?]
	at org.apache.tomcat.util.threads.TaskThread$WrappingRunnable.run(TaskThread.java:61) [tomcat-embed-core-9.0.30.jar:9.0.30]
	at java.lang.Thread.run(Thread.java:833) [?:?]
2022-10-12T15:09:08.954+0700 [SpringContextShutdownHook] INFO  org.springframework.scheduling.concurrent.ThreadPoolTaskExecutor - [] - Shutting down ExecutorService 'applicationTaskExecutor'
2022-10-12T15:09:08.955+0700 [SpringContextShutdownHook] INFO  org.springframework.orm.jpa.LocalContainerEntityManagerFactoryBean - [] - Closing JPA EntityManagerFactory for persistence unit 'default'
2022-10-12T15:09:08.957+0700 [SpringContextShutdownHook] INFO  com.zaxxer.hikari.HikariDataSource - [] - HikariPool-1 - Shutdown initiated...
2022-10-12T15:09:08.959+0700 [SpringContextShutdownHook] INFO  com.zaxxer.hikari.HikariDataSource - [] - HikariPool-1 - Shutdown completed.
2022-10-12T15:09:15.400+0700 [main] INFO  com.icheck.backend.BackendApplication - [] - Starting BackendApplication on DESKTOP-8I9PRAS with PID 11324 (E:\Documents\JAVA\SPRING_BOOT\Manage-enterprise-stamp\target\classes started by Ling in E:\Documents\JAVA\SPRING_BOOT\Manage-enterprise-stamp)
2022-10-12T15:09:15.404+0700 [main] INFO  com.icheck.backend.BackendApplication - [] - No active profile set, falling back to default profiles: default
2022-10-12T15:09:16.030+0700 [main] INFO  org.springframework.data.repository.config.RepositoryConfigurationDelegate - [] - Bootstrapping Spring Data JPA repositories in DEFAULT mode.
2022-10-12T15:09:16.104+0700 [main] INFO  org.springframework.data.repository.config.RepositoryConfigurationDelegate - [] - Finished Spring Data repository scanning in 59ms. Found 4 JPA repository interfaces.
2022-10-12T15:09:25.365+0700 [main] INFO  com.icheck.backend.BackendApplication - [] - Starting BackendApplication on DESKTOP-8I9PRAS with PID 15352 (E:\Documents\JAVA\SPRING_BOOT\Manage-enterprise-stamp\target\classes started by Ling in E:\Documents\JAVA\SPRING_BOOT\Manage-enterprise-stamp)
2022-10-12T15:09:25.368+0700 [main] INFO  com.icheck.backend.BackendApplication - [] - No active profile set, falling back to default profiles: default
2022-10-12T15:09:26.065+0700 [main] INFO  org.springframework.data.repository.config.RepositoryConfigurationDelegate - [] - Bootstrapping Spring Data JPA repositories in DEFAULT mode.
2022-10-12T15:09:26.141+0700 [main] INFO  org.springframework.data.repository.config.RepositoryConfigurationDelegate - [] - Finished Spring Data repository scanning in 63ms. Found 4 JPA repository interfaces.
2022-10-12T15:09:26.432+0700 [main] INFO  org.springframework.context.support.PostProcessorRegistrationDelegate$BeanPostProcessorChecker - [] - Bean 'org.springframework.transaction.annotation.ProxyTransactionManagementConfiguration' of type [org.springframework.transaction.annotation.ProxyTransactionManagementConfiguration] is not eligible for getting processed by all BeanPostProcessors (for example: not eligible for auto-proxying)
2022-10-12T15:09:26.668+0700 [main] INFO  org.springframework.boot.web.embedded.tomcat.TomcatWebServer - [] - Tomcat initialized with port(s): 8081 (http)
2022-10-12T15:09:26.681+0700 [main] INFO  org.apache.coyote.http11.Http11NioProtocol - [] - Initializing ProtocolHandler ["http-nio-8081"]
2022-10-12T15:09:26.683+0700 [main] INFO  org.apache.catalina.core.StandardService - [] - Starting service [Tomcat]
2022-10-12T15:09:26.683+0700 [main] INFO  org.apache.catalina.core.StandardEngine - [] - Starting Servlet engine: [Apache Tomcat/9.0.30]
2022-10-12T15:09:26.849+0700 [main] INFO  org.apache.catalina.core.ContainerBase.[Tomcat].[localhost].[/] - [] - Initializing Spring embedded WebApplicationContext
2022-10-12T15:09:26.849+0700 [main] INFO  org.springframework.web.context.ContextLoader - [] - Root WebApplicationContext: initialization completed in 1435 ms
2022-10-12T15:09:26.924+0700 [main] WARN  org.springframework.boot.autoconfigure.orm.jpa.JpaBaseConfiguration$JpaWebConfiguration - [] - spring.jpa.open-in-view is enabled by default. Therefore, database queries may be performed during view rendering. Explicitly configure spring.jpa.open-in-view to disable this warning
2022-10-12T15:09:27.129+0700 [main] INFO  org.hibernate.Version - [] - HHH000412: Hibernate Core {5.4.10.Final}
2022-10-12T15:09:27.254+0700 [main] INFO  org.hibernate.annotations.common.Version - [] - HCANN000001: Hibernate Commons Annotations {5.1.0.Final}
2022-10-12T15:09:27.357+0700 [main] INFO  com.zaxxer.hikari.HikariDataSource - [] - HikariPool-1 - Starting...
2022-10-12T15:09:27.612+0700 [main] INFO  com.zaxxer.hikari.HikariDataSource - [] - HikariPool-1 - Start completed.
2022-10-12T15:09:27.636+0700 [main] INFO  org.hibernate.dialect.Dialect - [] - HHH000400: Using dialect: org.hibernate.dialect.PostgreSQLDialect
2022-10-12T15:09:30.813+0700 [main] INFO  org.hibernate.engine.transaction.jta.platform.internal.JtaPlatformInitiator - [] - HHH000490: Using JtaPlatform implementation: [org.hibernate.engine.transaction.jta.platform.internal.NoJtaPlatform]
2022-10-12T15:09:30.819+0700 [main] INFO  org.springframework.orm.jpa.LocalContainerEntityManagerFactoryBean - [] - Initialized JPA EntityManagerFactory for persistence unit 'default'
2022-10-12T15:09:31.435+0700 [main] INFO  org.springframework.security.web.DefaultSecurityFilterChain - [] - Creating filter chain: Ant [pattern='/public/**'], []
2022-10-12T15:09:31.435+0700 [main] INFO  org.springframework.security.web.DefaultSecurityFilterChain - [] - Creating filter chain: Ant [pattern='/*/v3/api-docs/**'], []
2022-10-12T15:09:31.435+0700 [main] INFO  org.springframework.security.web.DefaultSecurityFilterChain - [] - Creating filter chain: Ant [pattern='/*/swagger-ui.html'], []
2022-10-12T15:09:31.435+0700 [main] INFO  org.springframework.security.web.DefaultSecurityFilterChain - [] - Creating filter chain: Ant [pattern='/*/swagger-ui/**'], []
2022-10-12T15:09:31.435+0700 [main] INFO  org.springframework.security.web.DefaultSecurityFilterChain - [] - Creating filter chain: Ant [pattern='/**/api-docs/**'], []
2022-10-12T15:09:31.514+0700 [main] INFO  org.springframework.security.web.DefaultSecurityFilterChain - [] - Creating filter chain: any request, [org.springframework.security.web.context.request.async.WebAsyncManagerIntegrationFilter@23cfdfa2, org.springframework.security.web.context.SecurityContextPersistenceFilter@792b9dd3, org.springframework.web.filter.CorsFilter@1e09c0b, org.springframework.security.web.authentication.logout.LogoutFilter@6e00d737, com.icheck.backend.filters.JwtRequestFilter@4880a9d, org.springframework.security.web.servletapi.SecurityContextHolderAwareRequestFilter@62264d4f, org.springframework.security.web.authentication.AnonymousAuthenticationFilter@48f2d51d, org.springframework.security.web.session.SessionManagementFilter@27234b7c, org.springframework.security.web.access.ExceptionTranslationFilter@30e15628, org.springframework.security.web.access.intercept.FilterSecurityInterceptor@3331800f]
2022-10-12T15:09:31.737+0700 [main] INFO  org.springframework.scheduling.concurrent.ThreadPoolTaskExecutor - [] - Initializing ExecutorService 'applicationTaskExecutor'
2022-10-12T15:09:31.983+0700 [main] INFO  org.apache.coyote.http11.Http11NioProtocol - [] - Starting ProtocolHandler ["http-nio-8081"]
2022-10-12T15:09:32.040+0700 [main] INFO  org.springframework.boot.web.embedded.tomcat.TomcatWebServer - [] - Tomcat started on port(s): 8081 (http) with context path ''
2022-10-12T15:09:32.041+0700 [main] INFO  com.icheck.backend.BackendApplication - [] - Started BackendApplication in 6.974 seconds (JVM running for 8.989)
2022-10-12T15:09:47.171+0700 [SpringContextShutdownHook] INFO  org.springframework.scheduling.concurrent.ThreadPoolTaskExecutor - [] - Shutting down ExecutorService 'applicationTaskExecutor'
2022-10-12T15:09:47.173+0700 [SpringContextShutdownHook] INFO  org.springframework.orm.jpa.LocalContainerEntityManagerFactoryBean - [] - Closing JPA EntityManagerFactory for persistence unit 'default'
2022-10-12T15:09:47.175+0700 [SpringContextShutdownHook] INFO  com.zaxxer.hikari.HikariDataSource - [] - HikariPool-1 - Shutdown initiated...
2022-10-12T15:09:47.177+0700 [SpringContextShutdownHook] INFO  com.zaxxer.hikari.HikariDataSource - [] - HikariPool-1 - Shutdown completed.
2022-10-12T15:09:50.848+0700 [main] INFO  com.icheck.backend.BackendApplication - [] - Starting BackendApplication on DESKTOP-8I9PRAS with PID 2292 (E:\Documents\JAVA\SPRING_BOOT\Manage-enterprise-stamp\target\classes started by Ling in E:\Documents\JAVA\SPRING_BOOT\Manage-enterprise-stamp)
2022-10-12T15:09:50.851+0700 [main] INFO  com.icheck.backend.BackendApplication - [] - No active profile set, falling back to default profiles: default
2022-10-12T15:09:51.474+0700 [main] INFO  org.springframework.data.repository.config.RepositoryConfigurationDelegate - [] - Bootstrapping Spring Data JPA repositories in DEFAULT mode.
2022-10-12T15:09:51.568+0700 [main] INFO  org.springframework.data.repository.config.RepositoryConfigurationDelegate - [] - Finished Spring Data repository scanning in 80ms. Found 4 JPA repository interfaces.
2022-10-12T15:09:51.941+0700 [main] INFO  org.springframework.context.support.PostProcessorRegistrationDelegate$BeanPostProcessorChecker - [] - Bean 'org.springframework.transaction.annotation.ProxyTransactionManagementConfiguration' of type [org.springframework.transaction.annotation.ProxyTransactionManagementConfiguration] is not eligible for getting processed by all BeanPostProcessors (for example: not eligible for auto-proxying)
2022-10-12T15:09:52.131+0700 [main] INFO  org.springframework.boot.web.embedded.tomcat.TomcatWebServer - [] - Tomcat initialized with port(s): 8081 (http)
2022-10-12T15:09:52.139+0700 [main] INFO  org.apache.coyote.http11.Http11NioProtocol - [] - Initializing ProtocolHandler ["http-nio-8081"]
2022-10-12T15:09:52.140+0700 [main] INFO  org.apache.catalina.core.StandardService - [] - Starting service [Tomcat]
2022-10-12T15:09:52.140+0700 [main] INFO  org.apache.catalina.core.StandardEngine - [] - Starting Servlet engine: [Apache Tomcat/9.0.30]
2022-10-12T15:09:52.277+0700 [main] INFO  org.apache.catalina.core.ContainerBase.[Tomcat].[localhost].[/] - [] - Initializing Spring embedded WebApplicationContext
2022-10-12T15:09:52.278+0700 [main] INFO  org.springframework.web.context.ContextLoader - [] - Root WebApplicationContext: initialization completed in 1386 ms
2022-10-12T15:09:52.348+0700 [main] WARN  org.springframework.boot.autoconfigure.orm.jpa.JpaBaseConfiguration$JpaWebConfiguration - [] - spring.jpa.open-in-view is enabled by default. Therefore, database queries may be performed during view rendering. Explicitly configure spring.jpa.open-in-view to disable this warning
2022-10-12T15:09:52.516+0700 [main] INFO  org.hibernate.Version - [] - HHH000412: Hibernate Core {5.4.10.Final}
2022-10-12T15:09:52.638+0700 [main] INFO  org.hibernate.annotations.common.Version - [] - HCANN000001: Hibernate Commons Annotations {5.1.0.Final}
2022-10-12T15:09:52.740+0700 [main] INFO  com.zaxxer.hikari.HikariDataSource - [] - HikariPool-1 - Starting...
2022-10-12T15:09:52.922+0700 [main] INFO  com.zaxxer.hikari.HikariDataSource - [] - HikariPool-1 - Start completed.
2022-10-12T15:09:52.941+0700 [main] INFO  org.hibernate.dialect.Dialect - [] - HHH000400: Using dialect: org.hibernate.dialect.PostgreSQLDialect
2022-10-12T15:09:55.682+0700 [main] INFO  org.hibernate.engine.transaction.jta.platform.internal.JtaPlatformInitiator - [] - HHH000490: Using JtaPlatform implementation: [org.hibernate.engine.transaction.jta.platform.internal.NoJtaPlatform]
2022-10-12T15:09:55.688+0700 [main] INFO  org.springframework.orm.jpa.LocalContainerEntityManagerFactoryBean - [] - Initialized JPA EntityManagerFactory for persistence unit 'default'
2022-10-12T15:09:56.214+0700 [main] INFO  org.springframework.security.web.DefaultSecurityFilterChain - [] - Creating filter chain: Ant [pattern='/public/**'], []
2022-10-12T15:09:56.214+0700 [main] INFO  org.springframework.security.web.DefaultSecurityFilterChain - [] - Creating filter chain: Ant [pattern='/*/v3/api-docs/**'], []
2022-10-12T15:09:56.214+0700 [main] INFO  org.springframework.security.web.DefaultSecurityFilterChain - [] - Creating filter chain: Ant [pattern='/*/swagger-ui.html'], []
2022-10-12T15:09:56.214+0700 [main] INFO  org.springframework.security.web.DefaultSecurityFilterChain - [] - Creating filter chain: Ant [pattern='/*/swagger-ui/**'], []
2022-10-12T15:09:56.215+0700 [main] INFO  org.springframework.security.web.DefaultSecurityFilterChain - [] - Creating filter chain: Ant [pattern='/**/api-docs/**'], []
2022-10-12T15:09:56.238+0700 [main] INFO  org.springframework.security.web.DefaultSecurityFilterChain - [] - Creating filter chain: any request, [org.springframework.security.web.context.request.async.WebAsyncManagerIntegrationFilter@633cad4d, org.springframework.security.web.context.SecurityContextPersistenceFilter@66ab088c, org.springframework.web.filter.CorsFilter@15c3585, org.springframework.security.web.authentication.logout.LogoutFilter@41948c13, com.icheck.backend.filters.JwtRequestFilter@5b86f4cb, org.springframework.security.web.servletapi.SecurityContextHolderAwareRequestFilter@57fec63f, org.springframework.security.web.authentication.AnonymousAuthenticationFilter@468646ea, org.springframework.security.web.session.SessionManagementFilter@1c25deb0, org.springframework.security.web.access.ExceptionTranslationFilter@5eb9bf7d, org.springframework.security.web.access.intercept.FilterSecurityInterceptor@270be080]
2022-10-12T15:09:56.335+0700 [main] INFO  org.springframework.scheduling.concurrent.ThreadPoolTaskExecutor - [] - Initializing ExecutorService 'applicationTaskExecutor'
2022-10-12T15:09:56.527+0700 [main] INFO  org.apache.coyote.http11.Http11NioProtocol - [] - Starting ProtocolHandler ["http-nio-8081"]
2022-10-12T15:09:56.565+0700 [main] INFO  org.springframework.boot.web.embedded.tomcat.TomcatWebServer - [] - Tomcat started on port(s): 8081 (http) with context path ''
2022-10-12T15:09:56.567+0700 [main] INFO  com.icheck.backend.BackendApplication - [] - Started BackendApplication in 6.048 seconds (JVM running for 7.369)
2022-10-12T15:15:46.605+0700 [SpringContextShutdownHook] INFO  org.springframework.scheduling.concurrent.ThreadPoolTaskExecutor - [] - Shutting down ExecutorService 'applicationTaskExecutor'
2022-10-12T15:15:46.606+0700 [SpringContextShutdownHook] INFO  org.springframework.orm.jpa.LocalContainerEntityManagerFactoryBean - [] - Closing JPA EntityManagerFactory for persistence unit 'default'
2022-10-12T15:15:46.609+0700 [SpringContextShutdownHook] INFO  com.zaxxer.hikari.HikariDataSource - [] - HikariPool-1 - Shutdown initiated...
2022-10-12T15:15:46.613+0700 [SpringContextShutdownHook] INFO  com.zaxxer.hikari.HikariDataSource - [] - HikariPool-1 - Shutdown completed.
