2022-10-13T13:57:49.112+0700 [main] WARN  org.springframework.boot.autoconfigure.orm.jpa.JpaBaseConfiguration$JpaWebConfiguration - [] - spring.jpa.open-in-view is enabled by default. Therefore, database queries may be performed during view rendering. Explicitly configure spring.jpa.open-in-view to disable this warning
2022-10-13T13:58:00.782+0700 [main] WARN  org.hibernate.engine.jdbc.env.internal.JdbcEnvironmentInitiator - [] - HHH000342: Could not obtain connection to query metadata : The connection attempt failed.
2022-10-13T13:58:09.631+0700 [main] WARN  org.springframework.boot.autoconfigure.orm.jpa.JpaBaseConfiguration$JpaWebConfiguration - [] - spring.jpa.open-in-view is enabled by default. Therefore, database queries may be performed during view rendering. Explicitly configure spring.jpa.open-in-view to disable this warning
2022-10-13T13:59:49.883+0700 [main] WARN  org.springframework.boot.autoconfigure.orm.jpa.JpaBaseConfiguration$JpaWebConfiguration - [] - spring.jpa.open-in-view is enabled by default. Therefore, database queries may be performed during view rendering. Explicitly configure spring.jpa.open-in-view to disable this warning
2022-10-13T14:00:46.856+0700 [main] WARN  org.springframework.boot.autoconfigure.orm.jpa.JpaBaseConfiguration$JpaWebConfiguration - [] - spring.jpa.open-in-view is enabled by default. Therefore, database queries may be performed during view rendering. Explicitly configure spring.jpa.open-in-view to disable this warning
2022-10-13T14:01:33.504+0700 [HikariPool-1 housekeeper] WARN  com.zaxxer.hikari.pool.HikariPool - [] - HikariPool-1 - Thread starvation or clock leap detected (housekeeper delta=45s611ms767µs300ns).
2022-10-13T14:04:21.189+0700 [main] WARN  org.springframework.boot.autoconfigure.orm.jpa.JpaBaseConfiguration$JpaWebConfiguration - [] - spring.jpa.open-in-view is enabled by default. Therefore, database queries may be performed during view rendering. Explicitly configure spring.jpa.open-in-view to disable this warning
2022-10-13T14:04:29.102+0700 [main] WARN  org.springframework.boot.web.servlet.context.AnnotationConfigServletWebServerApplicationContext - [] - Exception encountered during context initialization - cancelling refresh attempt: org.springframework.beans.factory.BeanCreationException: Error creating bean with name 'springSecurityFilterChain' defined in class path resource [org/springframework/security/config/annotation/web/configuration/WebSecurityConfiguration.class]: Bean instantiation via factory method failed; nested exception is org.springframework.beans.BeanInstantiationException: Failed to instantiate [javax.servlet.Filter]: Factory method 'springSecurityFilterChain' threw exception; nested exception is java.lang.IllegalStateException: Can't configure antMatchers after anyRequest
2022-10-13T14:04:40.619+0700 [main] WARN  org.springframework.boot.autoconfigure.orm.jpa.JpaBaseConfiguration$JpaWebConfiguration - [] - spring.jpa.open-in-view is enabled by default. Therefore, database queries may be performed during view rendering. Explicitly configure spring.jpa.open-in-view to disable this warning
2022-10-13T14:04:47.407+0700 [main] WARN  org.springframework.boot.web.servlet.context.AnnotationConfigServletWebServerApplicationContext - [] - Exception encountered during context initialization - cancelling refresh attempt: org.springframework.beans.factory.BeanCreationException: Error creating bean with name 'springSecurityFilterChain' defined in class path resource [org/springframework/security/config/annotation/web/configuration/WebSecurityConfiguration.class]: Bean instantiation via factory method failed; nested exception is org.springframework.beans.BeanInstantiationException: Failed to instantiate [javax.servlet.Filter]: Factory method 'springSecurityFilterChain' threw exception; nested exception is java.lang.IllegalStateException: Can't configure antMatchers after anyRequest
2022-10-13T14:07:31.293+0700 [main] WARN  org.springframework.boot.autoconfigure.orm.jpa.JpaBaseConfiguration$JpaWebConfiguration - [] - spring.jpa.open-in-view is enabled by default. Therefore, database queries may be performed during view rendering. Explicitly configure spring.jpa.open-in-view to disable this warning
2022-10-13T15:27:24.084+0700 [HikariPool-1 housekeeper] WARN  com.zaxxer.hikari.pool.HikariPool - [] - HikariPool-1 - Thread starvation or clock leap detected (housekeeper delta=39m51s64ms272µs800ns).
2022-10-13T15:39:19.819+0700 [main] WARN  org.springframework.boot.autoconfigure.orm.jpa.JpaBaseConfiguration$JpaWebConfiguration - [] - spring.jpa.open-in-view is enabled by default. Therefore, database queries may be performed during view rendering. Explicitly configure spring.jpa.open-in-view to disable this warning
2022-10-13T15:41:46.712+0700 [main] WARN  org.springframework.boot.autoconfigure.orm.jpa.JpaBaseConfiguration$JpaWebConfiguration - [] - spring.jpa.open-in-view is enabled by default. Therefore, database queries may be performed during view rendering. Explicitly configure spring.jpa.open-in-view to disable this warning
2022-10-13T15:45:24.679+0700 [main] WARN  org.springframework.boot.autoconfigure.orm.jpa.JpaBaseConfiguration$JpaWebConfiguration - [] - spring.jpa.open-in-view is enabled by default. Therefore, database queries may be performed during view rendering. Explicitly configure spring.jpa.open-in-view to disable this warning
2022-10-13T15:46:54.556+0700 [main] WARN  org.springframework.boot.autoconfigure.orm.jpa.JpaBaseConfiguration$JpaWebConfiguration - [] - spring.jpa.open-in-view is enabled by default. Therefore, database queries may be performed during view rendering. Explicitly configure spring.jpa.open-in-view to disable this warning
2022-10-13T15:49:54.163+0700 [HikariPool-1 housekeeper] WARN  com.zaxxer.hikari.pool.HikariPool - [] - HikariPool-1 - Thread starvation or clock leap detected (housekeeper delta=1m45s441ms789µs400ns).
2022-10-13T16:19:03.182+0700 [main] WARN  org.springframework.boot.autoconfigure.orm.jpa.JpaBaseConfiguration$JpaWebConfiguration - [] - spring.jpa.open-in-view is enabled by default. Therefore, database queries may be performed during view rendering. Explicitly configure spring.jpa.open-in-view to disable this warning
2022-10-13T16:19:56.591+0700 [main] WARN  org.springframework.boot.autoconfigure.orm.jpa.JpaBaseConfiguration$JpaWebConfiguration - [] - spring.jpa.open-in-view is enabled by default. Therefore, database queries may be performed during view rendering. Explicitly configure spring.jpa.open-in-view to disable this warning
2022-10-13T16:21:28.094+0700 [HikariPool-1 housekeeper] WARN  com.zaxxer.hikari.pool.HikariPool - [] - HikariPool-1 - Thread starvation or clock leap detected (housekeeper delta=56s363ms941µs800ns).
2022-10-13T16:21:56.672+0700 [main] WARN  org.springframework.boot.autoconfigure.orm.jpa.JpaBaseConfiguration$JpaWebConfiguration - [] - spring.jpa.open-in-view is enabled by default. Therefore, database queries may be performed during view rendering. Explicitly configure spring.jpa.open-in-view to disable this warning
2022-10-13T16:23:00.938+0700 [main] WARN  org.springframework.boot.autoconfigure.orm.jpa.JpaBaseConfiguration$JpaWebConfiguration - [] - spring.jpa.open-in-view is enabled by default. Therefore, database queries may be performed during view rendering. Explicitly configure spring.jpa.open-in-view to disable this warning
2022-10-13T16:23:15.527+0700 [main] WARN  org.springframework.boot.autoconfigure.orm.jpa.JpaBaseConfiguration$JpaWebConfiguration - [] - spring.jpa.open-in-view is enabled by default. Therefore, database queries may be performed during view rendering. Explicitly configure spring.jpa.open-in-view to disable this warning
2022-10-13T16:24:20.849+0700 [main] WARN  org.springframework.boot.autoconfigure.orm.jpa.JpaBaseConfiguration$JpaWebConfiguration - [] - spring.jpa.open-in-view is enabled by default. Therefore, database queries may be performed during view rendering. Explicitly configure spring.jpa.open-in-view to disable this warning
2022-10-13T16:24:40.765+0700 [main] WARN  org.springframework.boot.autoconfigure.orm.jpa.JpaBaseConfiguration$JpaWebConfiguration - [] - spring.jpa.open-in-view is enabled by default. Therefore, database queries may be performed during view rendering. Explicitly configure spring.jpa.open-in-view to disable this warning
2022-10-13T16:31:08.685+0700 [main] WARN  org.springframework.boot.autoconfigure.orm.jpa.JpaBaseConfiguration$JpaWebConfiguration - [] - spring.jpa.open-in-view is enabled by default. Therefore, database queries may be performed during view rendering. Explicitly configure spring.jpa.open-in-view to disable this warning
2022-10-13T16:36:16.030+0700 [HikariPool-1 housekeeper] WARN  com.zaxxer.hikari.pool.HikariPool - [] - HikariPool-1 - Thread starvation or clock leap detected (housekeeper delta=5m6s357ms672µs800ns).
2022-10-13T16:36:23.240+0700 [main] WARN  org.springframework.boot.autoconfigure.orm.jpa.JpaBaseConfiguration$JpaWebConfiguration - [] - spring.jpa.open-in-view is enabled by default. Therefore, database queries may be performed during view rendering. Explicitly configure spring.jpa.open-in-view to disable this warning
2022-10-13T16:38:31.515+0700 [HikariPool-1 housekeeper] WARN  com.zaxxer.hikari.pool.HikariPool - [] - HikariPool-1 - Thread starvation or clock leap detected (housekeeper delta=2m6s662ms394µs600ns).
2022-10-13T16:40:15.797+0700 [HikariPool-1 housekeeper] WARN  com.zaxxer.hikari.pool.HikariPool - [] - HikariPool-1 - Thread starvation or clock leap detected (housekeeper delta=1m44s281ms902µs900ns).
2022-10-13T16:41:36.681+0700 [HikariPool-1 housekeeper] WARN  com.zaxxer.hikari.pool.HikariPool - [] - HikariPool-1 - Thread starvation or clock leap detected (housekeeper delta=50s473ms320µs500ns).
2022-10-13T16:42:08.059+0700 [main] WARN  org.springframework.boot.autoconfigure.orm.jpa.JpaBaseConfiguration$JpaWebConfiguration - [] - spring.jpa.open-in-view is enabled by default. Therefore, database queries may be performed during view rendering. Explicitly configure spring.jpa.open-in-view to disable this warning
2022-10-13T16:44:40.510+0700 [HikariPool-1 housekeeper] WARN  com.zaxxer.hikari.pool.HikariPool - [] - HikariPool-1 - Thread starvation or clock leap detected (housekeeper delta=1m29s359ms914µs300ns).
2022-10-13T16:45:27.474+0700 [HikariPool-1 housekeeper] WARN  com.zaxxer.hikari.pool.HikariPool - [] - HikariPool-1 - Thread starvation or clock leap detected (housekeeper delta=46s964ms920µs900ns).
2022-10-13T16:46:35.344+0700 [HikariPool-1 housekeeper] WARN  com.zaxxer.hikari.pool.HikariPool - [] - HikariPool-1 - Thread starvation or clock leap detected (housekeeper delta=1m7s869ms967µs700ns).
2022-10-13T16:46:41.369+0700 [main] WARN  org.springframework.boot.autoconfigure.orm.jpa.JpaBaseConfiguration$JpaWebConfiguration - [] - spring.jpa.open-in-view is enabled by default. Therefore, database queries may be performed during view rendering. Explicitly configure spring.jpa.open-in-view to disable this warning
2022-10-13T16:48:04.653+0700 [HikariPool-1 housekeeper] WARN  com.zaxxer.hikari.pool.HikariPool - [] - HikariPool-1 - Thread starvation or clock leap detected (housekeeper delta=48s736ms938µs500ns).
2022-10-13T16:52:31.500+0700 [HikariPool-1 housekeeper] WARN  com.zaxxer.hikari.pool.HikariPool - [] - HikariPool-1 - Thread starvation or clock leap detected (housekeeper delta=2m38s383ms693µs500ns).
2022-10-13T16:54:37.078+0700 [HikariPool-1 housekeeper] WARN  com.zaxxer.hikari.pool.HikariPool - [] - HikariPool-1 - Thread starvation or clock leap detected (housekeeper delta=2m5s578ms294µs).
2022-10-13T16:56:24.295+0700 [main] WARN  org.springframework.boot.autoconfigure.orm.jpa.JpaBaseConfiguration$JpaWebConfiguration - [] - spring.jpa.open-in-view is enabled by default. Therefore, database queries may be performed during view rendering. Explicitly configure spring.jpa.open-in-view to disable this warning
2022-10-13T16:59:06.621+0700 [HikariPool-1 housekeeper] WARN  com.zaxxer.hikari.pool.HikariPool - [] - HikariPool-1 - Thread starvation or clock leap detected (housekeeper delta=2m40s862ms99µs900ns).
2022-10-13T16:59:29.419+0700 [main] WARN  org.springframework.boot.autoconfigure.orm.jpa.JpaBaseConfiguration$JpaWebConfiguration - [] - spring.jpa.open-in-view is enabled by default. Therefore, database queries may be performed during view rendering. Explicitly configure spring.jpa.open-in-view to disable this warning
2022-10-13T17:00:22.567+0700 [HikariPool-1 housekeeper] WARN  com.zaxxer.hikari.pool.HikariPool - [] - HikariPool-1 - Thread starvation or clock leap detected (housekeeper delta=52s155ms282µs800ns).
2022-10-13T17:06:21.007+0700 [main] WARN  org.springframework.boot.autoconfigure.orm.jpa.JpaBaseConfiguration$JpaWebConfiguration - [] - spring.jpa.open-in-view is enabled by default. Therefore, database queries may be performed during view rendering. Explicitly configure spring.jpa.open-in-view to disable this warning
2022-10-13T17:08:41.732+0700 [main] WARN  org.springframework.boot.autoconfigure.orm.jpa.JpaBaseConfiguration$JpaWebConfiguration - [] - spring.jpa.open-in-view is enabled by default. Therefore, database queries may be performed during view rendering. Explicitly configure spring.jpa.open-in-view to disable this warning
2022-10-13T17:15:00.848+0700 [HikariPool-1 housekeeper] WARN  com.zaxxer.hikari.pool.HikariPool - [] - HikariPool-1 - Thread starvation or clock leap detected (housekeeper delta=6m17s972ms285µs800ns).
2022-10-13T17:16:01.795+0700 [HikariPool-1 housekeeper] WARN  com.zaxxer.hikari.pool.HikariPool - [] - HikariPool-1 - Thread starvation or clock leap detected (housekeeper delta=1m947ms951µs400ns).
2022-10-13T17:16:28.742+0700 [main] WARN  org.springframework.boot.autoconfigure.orm.jpa.JpaBaseConfiguration$JpaWebConfiguration - [] - spring.jpa.open-in-view is enabled by default. Therefore, database queries may be performed during view rendering. Explicitly configure spring.jpa.open-in-view to disable this warning
2022-10-13T17:20:01.444+0700 [HikariPool-1 housekeeper] WARN  com.zaxxer.hikari.pool.HikariPool - [] - HikariPool-1 - Thread starvation or clock leap detected (housekeeper delta=3m1s662ms490µs800ns).
2022-10-13T17:25:59.049+0700 [HikariPool-1 housekeeper] WARN  com.zaxxer.hikari.pool.HikariPool - [] - HikariPool-1 - Thread starvation or clock leap detected (housekeeper delta=5m57s603ms989µs600ns).
2022-10-13T17:26:11.349+0700 [main] WARN  org.springframework.boot.autoconfigure.orm.jpa.JpaBaseConfiguration$JpaWebConfiguration - [] - spring.jpa.open-in-view is enabled by default. Therefore, database queries may be performed during view rendering. Explicitly configure spring.jpa.open-in-view to disable this warning
2022-10-13T17:27:39.085+0700 [main] WARN  org.springframework.boot.autoconfigure.orm.jpa.JpaBaseConfiguration$JpaWebConfiguration - [] - spring.jpa.open-in-view is enabled by default. Therefore, database queries may be performed during view rendering. Explicitly configure spring.jpa.open-in-view to disable this warning
2022-10-13T17:29:00.265+0700 [HikariPool-1 housekeeper] WARN  com.zaxxer.hikari.pool.HikariPool - [] - HikariPool-1 - Thread starvation or clock leap detected (housekeeper delta=49s698ms185µs800ns).
2022-10-13T17:32:30.265+0700 [HikariPool-1 housekeeper] WARN  com.zaxxer.hikari.pool.HikariPool - [] - HikariPool-1 - Thread starvation or clock leap detected (housekeeper delta=2m21s885ms119µs600ns).
2022-10-13T17:32:37.686+0700 [main] WARN  org.springframework.boot.autoconfigure.orm.jpa.JpaBaseConfiguration$JpaWebConfiguration - [] - spring.jpa.open-in-view is enabled by default. Therefore, database queries may be performed during view rendering. Explicitly configure spring.jpa.open-in-view to disable this warning
2022-10-13T17:34:40.937+0700 [HikariPool-1 housekeeper] WARN  com.zaxxer.hikari.pool.HikariPool - [] - HikariPool-1 - Thread starvation or clock leap detected (housekeeper delta=2m1s874ms214µs400ns).
2022-10-13T17:34:54.201+0700 [main] WARN  org.springframework.boot.autoconfigure.orm.jpa.JpaBaseConfiguration$JpaWebConfiguration - [] - spring.jpa.open-in-view is enabled by default. Therefore, database queries may be performed during view rendering. Explicitly configure spring.jpa.open-in-view to disable this warning
2022-10-13T17:41:17.400+0700 [HikariPool-1 housekeeper] WARN  com.zaxxer.hikari.pool.HikariPool - [] - HikariPool-1 - Thread starvation or clock leap detected (housekeeper delta=6m22s233ms832µs400ns).
2022-10-13T17:41:25.941+0700 [main] WARN  org.springframework.boot.autoconfigure.orm.jpa.JpaBaseConfiguration$JpaWebConfiguration - [] - spring.jpa.open-in-view is enabled by default. Therefore, database queries may be performed during view rendering. Explicitly configure spring.jpa.open-in-view to disable this warning
